<?xml version="1.0" encoding="UTF-8"?>
<!-- Generated by org.testng.reporters.JUnitReportReporter -->
<testsuite hostname="DESKTOP-9S969CC" failures="0" tests="13" name="com.testingshashtra.regression.DataProviderTesting" time="0.087" errors="0" timestamp="2023-10-02T15:51:01 IST" skipped="0">
  <testcase classname="com.testingshashtra.regression.DataProviderTesting" name="m3" time="0.003"/>
  <testcase classname="com.testingshashtra.regression.DataProviderTesting" name="m3" time="0.020"/>
  <testcase classname="com.testingshashtra.regression.DataProviderTesting" name="m3" time="0.003"/>
  <testcase classname="com.testingshashtra.regression.DataProviderTesting" name="m3" time="0.007"/>
  <testcase classname="com.testingshashtra.regression.DataProviderTesting" name="m3" time="0.005"/>
  <testcase classname="com.testingshashtra.regression.DataProviderTesting" name="m3" time="0.003"/>
  <testcase classname="com.testingshashtra.regression.DataProviderTesting" name="m3" time="0.012"/>
  <testcase classname="com.testingshashtra.regression.DataProviderTesting" name="m3" time="0.005"/>
  <testcase classname="com.testingshashtra.regression.DataProviderTesting" name="m3" time="0.004"/>
  <testcase classname="com.testingshashtra.regression.DataProviderTesting" name="m3" time="0.004"/>
  <testcase classname="com.testingshashtra.regression.DataProviderTesting" name="m3" time="0.011"/>
  <testcase classname="com.testingshashtra.regression.DataProviderTesting" name="m3" time="0.003"/>
  <testcase classname="com.testingshashtra.regression.DataProviderTesting" name="m3" time="0.007"/>
</testsuite> <!-- com.testingshashtra.regression.DataProviderTesting -->
