<?xml version="1.0" encoding="UTF-8"?>
<!-- Generated by org.testng.reporters.JUnitReportReporter -->
<testsuite hostname="DESKTOP-9S969CC" failures="0" tests="1" name="com.testingshashtra.regression.SearchComponentsTests" time="33.560" errors="0" timestamp="2023-10-06T13:15:23 IST" skipped="0">
  <testcase classname="com.testingshashtra.regression.SearchComponentsTests" name="verifySearchResultsArePopulatingCorrectResultsForMenSneakers" time="33.560"/>
</testsuite> <!-- com.testingshashtra.regression.SearchComponentsTests -->
