<?xml version="1.0" encoding="UTF-8"?>
<!-- Generated by org.testng.reporters.JUnitReportReporter -->
<testsuite hostname="DESKTOP-9S969CC" failures="0" tests="4" name="com.testingshashtra.regression.ATest" time="0.050" errors="0" timestamp="2023-09-20T12:42:45 IST" skipped="0">
  <testcase classname="com.testingshashtra.regression.ATest" name="m2" time="0.011"/>
  <testcase classname="com.testingshashtra.regression.ATest" name="m11" time="0.011"/>
  <testcase classname="com.testingshashtra.regression.ATest" name="parameterTestCase" time="0.020"/>
  <testcase classname="com.testingshashtra.regression.ATest" name="groupTestOfATest" time="0.008"/>
</testsuite> <!-- com.testingshashtra.regression.ATest -->
